[ 2025-12-18 12:13:58,254 ] 1025 httpx - INFO - HTTP Request: POST https://dagshub.com/login/oauth/middleman "HTTP/1.1 200 OK"
[ 2025-12-18 12:13:58,714 ] 1025 httpx - INFO - HTTP Request: POST https://dagshub.com/login/oauth/access_token "HTTP/1.1 200 OK"
[ 2025-12-18 12:13:59,168 ] 1025 httpx - INFO - HTTP Request: GET https://dagshub.com/api/v1/user "HTTP/1.1 200 OK"
[ 2025-12-18 12:13:59,187 ] 107 dagshub - INFO - Accessing as Kshitij-AI-Architect
[ 2025-12-18 12:13:59,728 ] 1025 httpx - INFO - HTTP Request: GET https://dagshub.com/api/v1/repos/Kshitij-AI-Architect/Network-Security "HTTP/1.1 200 OK"
[ 2025-12-18 12:14:00,166 ] 1025 httpx - INFO - HTTP Request: GET https://dagshub.com/api/v1/user "HTTP/1.1 200 OK"
[ 2025-12-18 12:14:00,171 ] 107 dagshub - INFO - Initialized MLflow to track repo "Kshitij-AI-Architect/Network-Security"
[ 2025-12-18 12:14:00,173 ] 107 dagshub - INFO - Repository Kshitij-AI-Architect/Network-Security initialized!
[ 2025-12-18 12:14:00,173 ] 16 root - INFO - Data Ingestion started
[ 2025-12-18 12:14:02,141 ] 63 root - INFO - Performed train test split on the dataframe
[ 2025-12-18 12:14:02,141 ] 65 root - INFO - Exited split_data_as_train_test method of Data_Ingestion class
[ 2025-12-18 12:14:02,141 ] 73 root - INFO - Exporting train and test file path.
[ 2025-12-18 12:14:02,236 ] 82 root - INFO - Exported train and test file path.
[ 2025-12-18 12:14:02,236 ] 18 root - INFO - Data Ingestion completed
[ 2025-12-18 12:14:02,246 ] 22 root - INFO - Data Validation initiated
[ 2025-12-18 12:14:02,404 ] 34 root - INFO - Required number of columns: 2
[ 2025-12-18 12:14:02,405 ] 35 root - INFO - Data frame has columns: 31
[ 2025-12-18 12:14:02,405 ] 34 root - INFO - Required number of columns: 2
[ 2025-12-18 12:14:02,405 ] 35 root - INFO - Data frame has columns: 31
[ 2025-12-18 12:14:02,645 ] 24 root - INFO - Data Validation completed
[ 2025-12-18 12:14:02,646 ] 27 root - INFO - Data Transformation initiated
[ 2025-12-18 12:14:02,647 ] 50 root - INFO - Entered initiate_data_transformation method of DataTransformation class
[ 2025-12-18 12:14:02,647 ] 52 root - INFO - Starting Data Transformation
[ 2025-12-18 12:14:02,756 ] 40 root - INFO - Entered get_data_transformer_object method of DataTransformation class
[ 2025-12-18 12:14:02,756 ] 43 root - INFO - Initiated KNNImputer object with {DATA_TRANSFORMATION_IMPUTER_PARAMS}
[ 2025-12-18 12:14:02,798 ] 46 root - INFO - Entered the save_object method of MainUtils class
[ 2025-12-18 12:14:02,802 ] 50 root - INFO - Exited the save_object method of MainUtils class
[ 2025-12-18 12:14:02,802 ] 84 root - INFO - Exited initiate_data_transformation method of DataTransformation class
[ 2025-12-18 12:14:02,805 ] 31 root - INFO - Data Transformation completed
[ 2025-12-18 12:14:02,805 ] 33 root - INFO - Model Trainer started
[ 2025-12-18 12:16:57,289 ] 46 root - INFO - Entered the save_object method of MainUtils class
[ 2025-12-18 12:16:57,342 ] 50 root - INFO - Exited the save_object method of MainUtils class
[ 2025-12-18 12:16:57,342 ] 142 root - INFO - Model Trainer Artifact: {model_trainer_artifact}
[ 2025-12-18 12:16:57,348 ] 37 root - INFO - Model Training artifact completed
